[2026-04-29T16:44:27+03:00] Started[2026-04-29T16:45:48+03:00] <=[Delay: 659ms] callback sub: sensor/data. Recv msg: {"cmd": "GET", "sensor":"wind", "request_id":5}.
[2026-04-29T16:45:49+03:00] => pub: sensor/data/wind. Data: {"voltage":20.765186,"speed":36.62556,"request_id":5}.
[2026-04-29T16:45:51+03:00] <=[Delay: 1018ms] callback sub: sensor/data. Recv msg: {"cmd": "GET", "sensor":"wind", "request_id":5}.
[2026-04-29T16:45:51+03:00] <=[Delay: 873ms] callback sub: sensor/data. Recv msg: {"cmd": "GET", "sensor":"wind", "request_id":5}.
[2026-04-29T16:45:52+03:00] <=[Delay: 841ms] callback sub: sensor/data. Recv msg: {"cmd": "GET", "sensor":"wind", "request_id":5}.
[2026-04-29T16:45:52+03:00] => pub: sensor/data/wind. Data: {"voltage":15.3322525,"speed":34.953,"request_id":5}.
[2026-04-29T16:45:52+03:00] => pub: sensor/data/wind. Data: {"voltage":18.38192,"speed":32.853104,"request_id":5}.
[2026-04-29T16:45:53+03:00] => pub: sensor/data/wind. Data: {"voltage":18.713066,"speed":37.136887,"request_id":5}.
[2026-04-29T16:45:53+03:00] <=[Delay: 947ms] callback sub: sensor/data. Recv msg: {"cmd": "GET", "sensor":"wind", "request_id":5}.
[2026-04-29T16:45:54+03:00] <=[Delay: 1339ms] callback sub: sensor/data. Recv msg: {"cmd": "GET", "sensor":"wind", "request_id":5}.
[2026-04-29T16:45:54+03:00] => pub: sensor/data/wind. Data: {"voltage":15.799901,"speed":37.601505,"request_id":5}.
[2026-04-29T16:45:54+03:00] <=[Delay: 1303ms] callback sub: sensor/data. Recv msg: {"cmd": "GET", "sensor":"wind", "request_id":5}.
[2026-04-29T16:45:55+03:00] <=[Delay: 1320ms] callback sub: sensor/data. Recv msg: {"cmd": "GET", "sensor":"wind", "request_id":5}.
[2026-04-29T16:45:55+03:00] <=[Delay: 615ms] callback sub: sensor/data. Recv msg: {"cmd": "GET", "sensor":"wind", "request_id":5}.
[2026-04-29T16:45:55+03:00] => pub: sensor/data/wind. Data: {"voltage":20.637707,"speed":31.799528,"request_id":5}.
[2026-04-29T16:45:56+03:00] <=[Delay: 946ms] callback sub: sensor/data. Recv msg: {"cmd": "GET", "sensor":"wind", "request_id":5}.
[2026-04-29T16:45:56+03:00] => pub: sensor/data/wind. Data: {"voltage":21.992825,"speed":36.115517,"request_id":5}.
[2026-04-29T16:45:56+03:00] => pub: sensor/data/wind. Data: {"voltage":17.394743,"speed":35.006695,"request_id":5}.
[2026-04-29T16:45:56+03:00] <=[Delay: 642ms] callback sub: sensor/data. Recv msg: {"cmd": "GET", "sensor":"wind", "request_id":5}.
[2026-04-29T16:45:56+03:00] => pub: sensor/data/wind. Data: {"voltage":18.867165,"speed":31.341778,"request_id":5}.
[2026-04-29T16:45:56+03:00] <=[Delay: 971ms] callback sub: sensor/data. Recv msg: {"cmd": "GET", "sensor":"wind", "request_id":5}.
[2026-04-29T16:45:56+03:00] => pub: sensor/data/wind. Data: {"voltage":17.875805,"speed":31.327713,"request_id":5}.
[2026-04-29T16:45:57+03:00] => pub: sensor/data/wind. Data: {"voltage":18.346527,"speed":35.897316,"request_id":5}.
[2026-04-29T16:45:57+03:00] => pub: sensor/data/wind. Data: {"voltage":16.839558,"speed":37.916763,"request_id":5}.
[2026-04-29T16:45:58+03:00] <=[Delay: 1122ms] callback sub: sensor/data. Recv msg: {"cmd": "GET", "sensor":"wind", "request_id":5}.
[2026-04-29T16:45:59+03:00] <=[Delay: 1386ms] callback sub: sensor/data. Recv msg: {"cmd": "GET", "sensor":"wind", "request_id":5}.
[2026-04-29T16:45:59+03:00] <=[Delay: 508ms] callback sub: sensor/data. Recv msg: {"cmd": "GET", "sensor":"wind", "request_id":5}.
[2026-04-29T16:45:59+03:00] => pub: sensor/data/wind. Data: {"voltage":15.226824,"speed":30.89597,"request_id":5}.
[2026-04-29T16:46:00+03:00] <=[Delay: 1166ms] callback sub: sensor/data. Recv msg: {"cmd": "GET", "sensor":"wind", "request_id":5}.
[2026-04-29T16:46:00+03:00] => pub: sensor/data/wind. Data: {"voltage":19.585443,"speed":32.052975,"request_id":5}.
[2026-04-29T16:46:00+03:00] => pub: sensor/data/wind. Data: {"voltage":16.276968,"speed":32.01241,"request_id":5}.
[2026-04-29T16:46:00+03:00] <=[Delay: 1290ms] callback sub: sensor/data. Recv msg: {"cmd": "GET", "sensor":"wind", "request_id":5}.
[2026-04-29T16:46:00+03:00] <=[Delay: 1066ms] callback sub: sensor/data. Recv msg: {"cmd": "GET", "sensor":"wind", "request_id":5}.
[2026-04-29T16:46:01+03:00] => pub: sensor/data/wind. Data: {"voltage":15.419453,"speed":39.683792,"request_id":5}.
[2026-04-29T16:46:01+03:00] <=[Delay: 990ms] callback sub: sensor/data. Recv msg: {"cmd": "GET", "sensor":"wind", "request_id":5}.
[2026-04-29T16:46:01+03:00] <=[Delay: 818ms] callback sub: sensor/data. Recv msg: {"cmd": "GET", "sensor":"wind", "request_id":5}.
[2026-04-29T16:46:01+03:00] => pub: sensor/data/wind. Data: {"voltage":21.122255,"speed":37.041374,"request_id":5}.
[2026-04-29T16:46:01+03:00] => pub: sensor/data/wind. Data: {"voltage":17.875685,"speed":31.20577,"request_id":5}.
[2026-04-29T16:46:02+03:00] <=[Delay: 1495ms] callback sub: sensor/data. Recv msg: {"cmd": "GET", "sensor":"wind", "request_id":5}.
[2026-04-29T16:46:02+03:00] => pub: sensor/data/wind. Data: {"voltage":16.891132,"speed":33.4784,"request_id":5}.
[2026-04-29T16:46:02+03:00] <=[Delay: 688ms] callback sub: sensor/data. Recv msg: {"cmd": "GET", "sensor":"wind", "request_id":5}.
[2026-04-29T16:46:02+03:00] => pub: sensor/data/wind. Data: {"voltage":20.069738,"speed":32.388187,"request_id":5}.
[2026-04-29T16:46:02+03:00] <=[Delay: 1486ms] callback sub: sensor/data. Recv msg: {"cmd": "GET", "sensor":"wind", "request_id":5}.
[2026-04-29T16:46:03+03:00] => pub: sensor/data/wind. Data: {"voltage":18.271936,"speed":31.74303,"request_id":5}.
[2026-04-29T16:46:03+03:00] <=[Delay: 1433ms] callback sub: sensor/data. Recv msg: {"cmd": "GET", "sensor":"wind", "request_id":5}.
[2026-04-29T16:46:03+03:00] => pub: sensor/data/wind. Data: {"voltage":17.35804,"speed":36.846363,"request_id":5}.
[2026-04-29T16:46:03+03:00] <=[Delay: 676ms] callback sub: sensor/data. Recv msg: {"cmd": "GET", "sensor":"wind", "request_id":5}.
[2026-04-29T16:46:04+03:00] <=[Delay: 1350ms] callback sub: sensor/data. Recv msg: {"cmd": "GET", "sensor":"wind", "request_id":5}.
[2026-04-29T16:46:04+03:00] => pub: sensor/data/wind. Data: {"voltage":19.060268,"speed":36.382103,"request_id":5}.
[2026-04-29T16:46:04+03:00] => pub: sensor/data/wind. Data: {"voltage":18.035772,"speed":37.025665,"request_id":5}.
[2026-04-29T16:46:04+03:00] <=[Delay: 1108ms] callback sub: sensor/data. Recv msg: {"cmd": "GET", "sensor":"wind", "request_id":5}.
[2026-04-29T16:46:04+03:00] => pub: sensor/data/wind. Data: {"voltage":21.02931,"speed":36.209675,"request_id":5}.
[2026-04-29T16:46:04+03:00] <=[Delay: 656ms] callback sub: sensor/data. Recv msg: {"cmd": "GET", "sensor":"wind", "request_id":5}.
[2026-04-29T16:46:05+03:00] <=[Delay: 599ms] callback sub: sensor/data. Recv msg: {"cmd": "GET", "sensor":"wind", "request_id":5}.
[2026-04-29T16:46:05+03:00] => pub: sensor/data/wind. Data: {"voltage":19.25851,"speed":30.253138,"request_id":5}.
[2026-04-29T16:46:05+03:00] => pub: sensor/data/wind. Data: {"voltage":15.671178,"speed":30.197147,"request_id":5}.
[2026-04-29T16:46:05+03:00] => pub: sensor/data/wind. Data: {"voltage":19.577034,"speed":34.12651,"request_id":5}.
[2026-04-29T16:46:05+03:00] <=[Delay: 663ms] callback sub: sensor/data. Recv msg: {"cmd": "GET", "sensor":"wind", "request_id":5}.
[2026-04-29T16:46:05+03:00] => pub: sensor/data/wind. Data: {"voltage":21.390177,"speed":32.416473,"request_id":5}.
[2026-04-29T16:46:05+03:00] <=[Delay: 1400ms] callback sub: sensor/data. Recv msg: {"cmd": "GET", "sensor":"wind", "request_id":5}.
[2026-04-29T16:46:06+03:00] => pub: sensor/data/wind. Data: {"voltage":15.295099,"speed":37.575756,"request_id":5}.
[2026-04-29T16:46:06+03:00] <=[Delay: 895ms] callback sub: sensor/data. Recv msg: {"cmd": "GET", "sensor":"wind", "request_id":5}.
[2026-04-29T16:46:06+03:00] <=[Delay: 637ms] callback sub: sensor/data. Recv msg: {"cmd": "GET", "sensor":"wind", "request_id":5}.
[2026-04-29T16:46:07+03:00] <=[Delay: 980ms] callback sub: sensor/data. Recv msg: {"cmd": "GET", "sensor":"wind", "request_id":5}.
[2026-04-29T16:46:07+03:00] => pub: sensor/data/wind. Data: {"voltage":18.596375,"speed":36.31076,"request_id":5}.
[2026-04-29T16:46:07+03:00] => pub: sensor/data/wind. Data: {"voltage":21.047024,"speed":31.426678,"request_id":5}.
[2026-04-29T16:46:07+03:00] => pub: sensor/data/wind. Data: {"voltage":17.330528,"speed":37.165764,"request_id":5}.
[2026-04-29T16:46:07+03:00] <=[Delay: 567ms] callback sub: sensor/data. Recv msg: {"cmd": "GET", "sensor":"wind", "request_id":5}.
[2026-04-29T16:46:07+03:00] <=[Delay: 1237ms] callback sub: sensor/data. Recv msg: {"cmd": "GET", "sensor":"wind", "request_id":5}.
[2026-04-29T16:46:07+03:00] => pub: sensor/data/wind. Data: {"voltage":19.563564,"speed":38.649475,"request_id":5}.
[2026-04-29T16:46:08+03:00] => pub: sensor/data/wind. Data: {"voltage":20.123924,"speed":31.835594,"request_id":5}.
[2026-04-29T16:46:08+03:00] <=[Delay: 1062ms] callback sub: sensor/data. Recv msg: {"cmd": "GET", "sensor":"wind", "request_id":5}.
[2026-04-29T16:46:08+03:00] <=[Delay: 1472ms] callback sub: sensor/data. Recv msg: {"cmd": "GET", "sensor":"wind", "request_id":5}.
[2026-04-29T16:46:08+03:00] <=[Delay: 1116ms] callback sub: sensor/data. Recv msg: {"cmd": "GET", "sensor":"wind", "request_id":5}.
[2026-04-29T16:46:09+03:00] => pub: sensor/data/wind. Data: {"voltage":20.210213,"speed":39.986816,"request_id":5}.
[2026-04-29T16:46:09+03:00] => pub: sensor/data/wind. Data: {"voltage":15.8464,"speed":36.69479,"request_id":5}.
[2026-04-29T16:46:09+03:00] <=[Delay: 1289ms] callback sub: sensor/data. Recv msg: {"cmd": "GET", "sensor":"wind", "request_id":5}.
[2026-04-29T16:46:09+03:00] <=[Delay: 799ms] callback sub: sensor/data. Recv msg: {"cmd": "GET", "sensor":"wind", "request_id":5}.
[2026-04-29T16:46:09+03:00] => pub: sensor/data/wind. Data: {"voltage":17.620079,"speed":31.95998,"request_id":5}.
[2026-04-29T16:46:10+03:00] => pub: sensor/data/wind. Data: {"voltage":19.390463,"speed":38.489136,"request_id":5}.
[2026-04-29T16:46:10+03:00] <=[Delay: 1068ms] callback sub: sensor/data. Recv msg: {"cmd": "GET", "sensor":"wind", "request_id":5}.
[2026-04-29T16:46:10+03:00] => pub: sensor/data/wind. Data: {"voltage":16.245186,"speed":30.654924,"request_id":5}.
[2026-04-29T16:46:10+03:00] => pub: sensor/data/wind. Data: {"voltage":20.47564,"speed":35.344383,"request_id":5}.
[2026-04-29T16:46:10+03:00] <=[Delay: 565ms] callback sub: sensor/data. Recv msg: {"cmd": "GET", "sensor":"wind", "request_id":5}.
[2026-04-29T16:46:11+03:00] <=[Delay: 1247ms] callback sub: sensor/data. Recv msg: {"cmd": "GET", "sensor":"wind", "request_id":5}.
[2026-04-29T16:46:11+03:00] => pub: sensor/data/wind. Data: {"voltage":19.401123,"speed":33.910213,"request_id":5}.
[2026-04-29T16:46:11+03:00] => pub: sensor/data/wind. Data: {"voltage":15.622874,"speed":32.813297,"request_id":5}.
[2026-04-29T16:46:11+03:00] <=[Delay: 548ms] callback sub: sensor/data. Recv msg: {"cmd": "GET", "sensor":"wind", "request_id":5}.
[2026-04-29T16:46:12+03:00] <=[Delay: 931ms] callback sub: sensor/data. Recv msg: {"cmd": "GET", "sensor":"wind", "request_id":5}.
[2026-04-29T16:46:12+03:00] => pub: sensor/data/wind. Data: {"voltage":19.643715,"speed":32.023605,"request_id":5}.
[2026-04-29T16:46:12+03:00] => pub: sensor/data/wind. Data: {"voltage":16.862438,"speed":35.811775,"request_id":5}.
[2026-04-29T16:46:12+03:00] <=[Delay: 509ms] callback sub: sensor/data. Recv msg: {"cmd": "GET", "sensor":"wind", "request_id":5}.
[2026-04-29T16:46:12+03:00] <=[Delay: 811ms] callback sub: sensor/data. Recv msg: {"cmd": "GET", "sensor":"wind", "request_id":5}.
[2026-04-29T16:46:12+03:00] => pub: sensor/data/wind. Data: {"voltage":15.030688,"speed":39.047432,"request_id":5}.
[2026-04-29T16:46:12+03:00] => pub: sensor/data/wind. Data: {"voltage":20.309515,"speed":36.84596,"request_id":5}.
[2026-04-29T16:46:13+03:00] <=[Delay: 1373ms] callback sub: sensor/data. Recv msg: {"cmd": "GET", "sensor":"wind", "request_id":5}.
[2026-04-29T16:46:13+03:00] => pub: sensor/data/wind. Data: {"voltage":16.01252,"speed":37.461773,"request_id":5}.
[2026-04-29T16:46:13+03:00] <=[Delay: 761ms] callback sub: sensor/data. Recv msg: {"cmd": "GET", "sensor":"wind", "request_id":5}.
[2026-04-29T16:46:14+03:00] <=[Delay: 1460ms] callback sub: sensor/data. Recv msg: {"cmd": "GET", "sensor":"wind", "request_id":5}.
[2026-04-29T16:46:14+03:00] => pub: sensor/data/wind. Data: {"voltage":17.230389,"speed":31.722223,"request_id":5}.
[2026-04-29T16:46:14+03:00] <=[Delay: 948ms] callback sub: sensor/data. Recv msg: {"cmd": "GET", "sensor":"wind", "request_id":5}.
[2026-04-29T16:46:14+03:00] => pub: sensor/data/wind. Data: {"voltage":18.535248,"speed":32.861885,"request_id":5}.
[2026-04-29T16:46:15+03:00] <=[Delay: 1324ms] callback sub: sensor/data. Recv msg: {"cmd": "GET", "sensor":"wind", "request_id":5}.
[2026-04-29T16:46:15+03:00] <=[Delay: 551ms] callback sub: sensor/data. Recv msg: {"cmd": "GET", "sensor":"wind", "request_id":5}.
[2026-04-29T16:46:15+03:00] => pub: sensor/data/wind. Data: {"voltage":18.031342,"speed":34.98188,"request_id":5}.
[2026-04-29T16:46:15+03:00] => pub: sensor/data/wind. Data: {"voltage":15.000941,"speed":36.426304,"request_id":5}.
[2026-04-29T16:46:15+03:00] <=[Delay: 788ms] callback sub: sensor/data. Recv msg: {"cmd": "GET", "sensor":"wind", "request_id":5}.
[2026-04-29T16:46:16+03:00] => pub: sensor/data/wind. Data: {"voltage":18.07236,"speed":34.946968,"request_id":5}.
[2026-04-29T16:46:16+03:00] <=[Delay: 861ms] callback sub: sensor/data. Recv msg: {"cmd": "GET", "sensor":"wind", "request_id":5}.
[2026-04-29T16:46:16+03:00] => pub: sensor/data/wind. Data: {"voltage":19.074205,"speed":35.663994,"request_id":5}.
[2026-04-29T16:46:16+03:00] <=[Delay: 843ms] callback sub: sensor/data. Recv msg: {"cmd": "GET", "sensor":"wind", "request_id":5}.
[2026-04-29T16:46:16+03:00] => pub: sensor/data/wind. Data: {"voltage":15.080398,"speed":31.133932,"request_id":5}.
[2026-04-29T16:46:16+03:00] <=[Delay: 1074ms] callback sub: sensor/data. Recv msg: {"cmd": "GET", "sensor":"wind", "request_id":5}.
[2026-04-29T16:46:17+03:00] => pub: sensor/data/wind. Data: {"voltage":20.875776,"speed":30.317886,"request_id":5}.
[2026-04-29T16:46:17+03:00] <=[Delay: 524ms] callback sub: sensor/data. Recv msg: {"cmd": "GET", "sensor":"wind", "request_id":5}.
[2026-04-29T16:46:17+03:00] => pub: sensor/data/wind. Data: {"voltage":15.551526,"speed":35.810184,"request_id":5}.
[2026-04-29T16:46:17+03:00] <=[Delay: 1179ms] callback sub: sensor/data. Recv msg: {"cmd": "GET", "sensor":"wind", "request_id":5}.
[2026-04-29T16:46:17+03:00] => pub: sensor/data/wind. Data: {"voltage":20.045631,"speed":36.577236,"request_id":5}.
[2026-04-29T16:46:18+03:00] => pub: sensor/data/wind. Data: {"voltage":15.132411,"speed":35.90686,"request_id":5}.
[2026-04-29T16:46:18+03:00] <=[Delay: 1489ms] callback sub: sensor/data. Recv msg: {"cmd": "GET", "sensor":"wind", "request_id":5}.
[2026-04-29T16:46:18+03:00] <=[Delay: 1392ms] callback sub: sensor/data. Recv msg: {"cmd": "GET", "sensor":"wind", "request_id":5}.
[2026-04-29T16:46:18+03:00] => pub: sensor/data/wind. Data: {"voltage":15.925909,"speed":38.130207,"request_id":5}.
[2026-04-29T16:46:19+03:00] => pub: sensor/data/wind. Data: {"voltage":17.740196,"speed":37.04428,"request_id":5}.
[2026-04-29T16:46:19+03:00] => pub: sensor/data/wind. Data: {"voltage":15.153205,"speed":36.307564,"request_id":5}.
[2026-04-29T16:46:56+03:00] <=[Delay: 1301ms] callback sub: sensor/data. Recv msg: {"cmd":"GET","sensor":"humidity","request_id":17}.
[2026-04-29T16:46:56+03:00] <=[Delay: 740ms] callback sub: sensor/data. Recv msg: {"cmd":"GET","sensor":"wind","request_id":16}.
[2026-04-29T16:46:56+03:00] <=[Delay: 861ms] callback sub: sensor/data. Recv msg: {"cmd":"GET","sensor":"temperature","request_id":18}.
[2026-04-29T16:46:56+03:00] => pub: sensor/data/wind. Data: {"voltage":18.839417,"speed":38.986946,"request_id":16}.
[2026-04-29T16:46:56+03:00] => pub: sensor/data/temperature. Data: {"temperature":37.45865,"request_id":18}.
[2026-04-29T16:46:57+03:00] => pub: sensor/data/humidity. Data: {"humidity":36.11792,"request_id":17}.
[2026-04-29T16:47:00+03:00] <=[Delay: 1162ms] callback sub: sensor/data. Recv msg: {"cmd":"GET","sensor":"temperature","request_id":19}.
[2026-04-29T16:47:00+03:00] <=[Delay: 552ms] callback sub: sensor/data. Recv msg: {"cmd":"GET","sensor":"humidity","request_id":21}.
[2026-04-29T16:47:00+03:00] <=[Delay: 772ms] callback sub: sensor/data. Recv msg: {"cmd":"GET","sensor":"wind","request_id":20}.
[2026-04-29T16:47:01+03:00] => pub: sensor/data/humidity. Data: {"humidity":21.897053,"request_id":21}.
[2026-04-29T16:47:01+03:00] => pub: sensor/data/wind. Data: {"voltage":21.571346,"speed":37.3922,"request_id":20}.
[2026-04-29T16:47:01+03:00] => pub: sensor/data/temperature. Data: {"temperature":16.529963,"request_id":19}.
